[debug] [2017-06-12T06:31:17.523Z] ----------------------------------------------------------------------
[debug] [2017-06-12T06:31:17.526Z] Command:      /usr/bin/nodejs /usr/bin/firebase init
[debug] [2017-06-12T06:31:17.527Z] CLI Version:  3.9.1
[debug] [2017-06-12T06:31:17.527Z] Platform:     linux
[debug] [2017-06-12T06:31:17.527Z] Node Version: v7.10.0
[debug] [2017-06-12T06:31:17.527Z] Time:         Mon Jun 12 2017 00:31:17 GMT-0600 (CST)
[debug] [2017-06-12T06:31:17.527Z] ----------------------------------------------------------------------
[debug] 
[debug] [2017-06-12T06:31:17.539Z] > command requires scopes: ["email","openid","https://www.googleapis.com/auth/cloudplatformprojects.readonly","https://www.googleapis.com/auth/firebase"]
[debug] [2017-06-12T06:31:17.539Z] > authorizing via signed-in user
[info] 
     ######## #### ########  ######## ########     ###     ######  ########
     ##        ##  ##     ## ##       ##     ##  ##   ##  ##       ##
     ######    ##  ########  ######   ########  #########  ######  ######
     ##        ##  ##    ##  ##       ##     ## ##     ##       ## ##
     ##       #### ##     ## ######## ########  ##     ##  ######  ########

You're about to initialize a Firebase project in this directory:

  /home/lara/front_expediente_clinico

Before we get started, keep in mind:

  * You are initializing in an existing Firebase project directory

[info] 
=== Project Setup
[info] 
[info] First, let's associate this project directory with a Firebase project.
[info] You can create multiple project aliases by running firebase use --add, 
[info] but for now we'll just set up a default project.
[info] 
[debug] [2017-06-12T06:31:19.498Z] > refreshing access token with scopes: ["email","https://www.googleapis.com/auth/cloudplatformprojects.readonly","https://www.googleapis.com/auth/firebase","openid"]
[debug] [2017-06-12T06:31:19.499Z] >>> HTTP REQUEST POST https://www.googleapis.com/oauth2/v3/token { refresh_token: '1/CA3Rp2nyUAziD8qSgkKg9hRoqyB1hZQ8gGoBTTdiWRw',
  client_id: '563584335869-fgrhgmd47bqnekij5i8b5pr03ho849e6.apps.googleusercontent.com',
  client_secret: 'j9iVZfS8kkCEFUPaAeJV0sAi',
  grant_type: 'refresh_token',
  scope: 'email https://www.googleapis.com/auth/cloudplatformprojects.readonly https://www.googleapis.com/auth/firebase openid' } 
 Mon Jun 12 2017 00:31:19 GMT-0600 (CST)
[debug] [2017-06-12T06:31:20.022Z] <<< HTTP RESPONSE 200
[debug] [2017-06-12T06:31:20.075Z] >>> HTTP REQUEST GET https://admin.firebase.com/v1/projects  
 Mon Jun 12 2017 00:31:20 GMT-0600 (CST)
[debug] [2017-06-12T06:31:21.236Z] <<< HTTP RESPONSE 200
[info] i  .firebaserc already has a default project, skipping
[info] 
=== Hosting Setup
[info] 
[info] Your public directory is the folder (relative to your project directory) that
[info] will contain Hosting assets to be uploaded with firebase deploy. If you
[info] have a build process for your assets, use your build's output directory.
[info] 
[debug] [2017-06-12T06:31:45.988Z] >>> HTTP REQUEST GET https://www.gstatic.com/firebasejs/releases.json  
 Mon Jun 12 2017 00:31:45 GMT-0600 (CST)
[debug] [2017-06-12T06:31:46.463Z] <<< HTTP RESPONSE 200
[debug] [2017-06-12T06:31:54.623Z] Error: EACCES: permission denied, open '/home/lara/front_expediente_clinico/ExpedienteClinico/index.html'
[error] 
[error] Error: An unexpected error has occurred.
